<?xml version="1.0" encoding="UTF-8"?>
<testsuite name="CS_348_SP_2020.CIExercise.EndsWith1Test" tests="1" skipped="0" failures="0" errors="0" timestamp="2020-04-21T17:54:13" hostname="DESKTOP-1669KAP" time="0.001">
  <properties/>
  <testcase name="testToString()" classname="CS_348_SP_2020.CIExercise.EndsWith1Test" time="0.001"/>
  <system-out><![CDATA[]]></system-out>
  <system-err><![CDATA[]]></system-err>
</testsuite>
