<?xml version="1.0" encoding="UTF-8"?>
<testsuite name="CS_348_SP_2020.CIExercise.EndsWith4Test" tests="1" skipped="0" failures="0" errors="0" timestamp="2020-04-22T22:16:00" hostname="GODDARD" time="0.056">
  <properties/>
  <testcase name="testToString()" classname="CS_348_SP_2020.CIExercise.EndsWith4Test" time="0.056"/>
  <system-out><![CDATA[]]></system-out>
  <system-err><![CDATA[]]></system-err>
</testsuite>
